d:\jinshanpratice\source\calculator\x64\debug\qt\uic\ui_calculator.h
d:\jinshanpratice\source\calculator\x64\debug\qt\rcc\qrc_calculator.cpp
d:\jinshanpratice\source\calculator\x64\debug\qt\moc\moc_calculator.cpp
d:\jinshanpratice\source\calculator\x64\debug\qt\moc\moc_historymanager.cpp
d:\jinshanpratice\source\calculator\x64\debug\qt\moc\moc_historypopup.cpp
d:\jinshanpratice\source\calculator\x64\debug\qt\moc\moc_topbar.cpp
d:\jinshanpratice\source\calculator\x64\debug\qt\moc\moc_sidebar.cpp
d:\jinshanpratice\source\calculator\x64\debug\topbar.obj
d:\jinshanpratice\source\calculator\x64\debug\main.obj
d:\jinshanpratice\source\calculator\x64\debug\calculator.obj
d:\jinshanpratice\source\calculator\x64\debug\sidebar.obj
d:\jinshanpratice\source\calculator\x64\debug\historymanager.obj
d:\jinshanpratice\source\calculator\x64\debug\historypopup.obj
d:\jinshanpratice\source\calculator\x64\debug\vc142.pdb
d:\jinshanpratice\source\calculator\x64\debug\moc_calculator.obj
d:\jinshanpratice\source\calculator\x64\debug\moc_historymanager.obj
d:\jinshanpratice\source\calculator\x64\debug\moc_topbar.obj
d:\jinshanpratice\source\calculator\x64\debug\moc_sidebar.obj
d:\jinshanpratice\source\calculator\x64\debug\moc_historypopup.obj
d:\jinshanpratice\source\calculator\x64\debug\vc142.idb
d:\jinshanpratice\source\calculator\x64\debug\qrc_calculator.obj
d:\jinshanpratice\source\calculator\x64\debug\calculator.exe
d:\jinshanpratice\source\calculator\x64\debug\calculator.ilk
d:\jinshanpratice\source\calculator\x64\debug\calculator.pdb
d:\jinshanpratice\source\calculator\x64\debug\calculator.tlog\calculator.write.1u.tlog
d:\jinshanpratice\source\calculator\x64\debug\calculator.tlog\cl.command.1.tlog
d:\jinshanpratice\source\calculator\x64\debug\calculator.tlog\cl.read.1.tlog
d:\jinshanpratice\source\calculator\x64\debug\calculator.tlog\cl.write.1.tlog
d:\jinshanpratice\source\calculator\x64\debug\calculator.tlog\link.command.1.tlog
d:\jinshanpratice\source\calculator\x64\debug\calculator.tlog\link.read.1.tlog
d:\jinshanpratice\source\calculator\x64\debug\calculator.tlog\link.write.1.tlog
d:\jinshanpratice\source\calculator\x64\debug\calculator.tlog\moc.read.1u.tlog
d:\jinshanpratice\source\calculator\x64\debug\calculator.tlog\moc.write.1u.tlog
d:\jinshanpratice\source\calculator\x64\debug\calculator.tlog\rcc.read.1u.tlog
d:\jinshanpratice\source\calculator\x64\debug\calculator.tlog\rcc.write.1u.tlog
d:\jinshanpratice\source\calculator\x64\debug\calculator.tlog\uic.read.1u.tlog
d:\jinshanpratice\source\calculator\x64\debug\calculator.tlog\uic.write.1u.tlog
